2013/12/05 14:53:31 [error] [exception.CException] exception 'CException' with message 'CAssetManager.basePath "/var/www/hosts/gigadb.cogini.com.current/htdocs/assets" is invalid. Please make sure the directory exists and is writable by the Web server process.' in /var/www/hosts/gigadb.cogini.com.current/yii/framework/web/CAssetManager.php:116
Stack trace:
#0 /var/www/hosts/gigadb.cogini.com.current/yii/framework/web/CAssetManager.php(101): CAssetManager->setBasePath('/var/www/hosts/...')
#1 /var/www/hosts/gigadb.cogini.com.current/yii/framework/web/CAssetManager.php(219): CAssetManager->getBasePath()
#2 /var/www/hosts/gigadb.cogini.com.current/htdocs/protected/extensions/bootstrap/components/Bootstrap.php(346): CAssetManager->publish('/var/www/hosts/...', false, -1, true)
#3 /var/www/hosts/gigadb.cogini.com.current/htdocs/protected/extensions/bootstrap/components/Bootstrap.php(147): Bootstrap->getAssetsUrl()
#4 /var/www/hosts/gigadb.cogini.com.current/htdocs/protected/extensions/bootstrap/components/Bootstrap.php(132): Bootstrap->registerJS()
#5 /var/www/hosts/gigadb.cogini.com.current/htdocs/protected/extensions/bootstrap/components/Bootstrap.php(94): Bootstrap->registerCoreScripts()
#6 /var/www/hosts/gigadb.cogini.com.current/yii/framework/base/CModule.php(388): Bootstrap->init()
#7 /var/www/hosts/gigadb.cogini.com.current/yii/framework/base/CModule.php(493): CModule->getComponent('bootstrap')
#8 /var/www/hosts/gigadb.cogini.com.current/yii/framework/base/CApplication.php(146): CModule->preloadComponents()
#9 /var/www/hosts/gigadb.cogini.com.current/yii/framework/YiiBase.php(127): CApplication->__construct('/var/www/hosts/...')
#10 /var/www/hosts/gigadb.cogini.com.current/yii/framework/YiiBase.php(100): YiiBase::createApplication('CWebApplication', '/var/www/hosts/...')
#11 /var/www/hosts/gigadb.cogini.com.current/htdocs/index.php(13): YiiBase::createWebApplication('/var/www/hosts/...')
#12 {main}
REQUEST_URI=/
---
2013/12/05 14:54:07 [error] [exception.CDbException] exception 'CDbException' with message 'CDbConnection failed to open the DB connection: SQLSTATE[08006] [7] FATAL:  password authentication failed for user "@db.user@"' in /var/www/hosts/gigadb.cogini.com.current/yii/framework/db/CDbConnection.php:382
Stack trace:
#0 /var/www/hosts/gigadb.cogini.com.current/yii/framework/db/CDbConnection.php(331): CDbConnection->open()
#1 /var/www/hosts/gigadb.cogini.com.current/yii/framework/db/CDbConnection.php(309): CDbConnection->setActive(true)
#2 /var/www/hosts/gigadb.cogini.com.current/yii/framework/base/CModule.php(388): CDbConnection->init()
#3 /var/www/hosts/gigadb.cogini.com.current/yii/framework/web/CDbHttpSession.php(154): CModule->getComponent('db')
#4 /var/www/hosts/gigadb.cogini.com.current/yii/framework/web/CDbHttpSession.php(178): CDbHttpSession->getDbConnection()
#5 [internal function]: CDbHttpSession->openSession('/var/lib/php/se...', 'PHPSESSID')
#6 /var/www/hosts/gigadb.cogini.com.current/yii/framework/web/CHttpSession.php(115): session_start()
#7 /var/www/hosts/gigadb.cogini.com.current/yii/framework/web/CHttpSession.php(89): CHttpSession->open()
#8 /var/www/hosts/gigadb.cogini.com.current/yii/framework/base/CModule.php(388): CHttpSession->init()
#9 /var/www/hosts/gigadb.cogini.com.current/yii/framework/base/CModule.php(104): CModule->getComponent('session')
#10 /var/www/hosts/gigadb.cogini.com.current/htdocs/protected/components/Controller.php(50): CModule->__get('session')
#11 /var/www/hosts/gigadb.cogini.com.current/yii/framework/web/CWebApplication.php(275): Controller->init()
#12 /var/www/hosts/gigadb.cogini.com.current/yii/framework/web/CWebApplication.php(135): CWebApplication->runController('')
#13 /var/www/hosts/gigadb.cogini.com.current/yii/framework/base/CApplication.php(162): CWebApplication->processRequest()
#14 /var/www/hosts/gigadb.cogini.com.current/htdocs/index.php(13): CApplication->run()
#15 {main}
REQUEST_URI=/
---
2013/12/05 15:06:27 [error] [exception.CDbException] exception 'CDbException' with message 'CDbConnection failed to open the DB connection: SQLSTATE[08006] [7] FATAL:  password authentication failed for user "@db.user@"' in /var/www/hosts/gigadb.cogini.com.current/yii/framework/db/CDbConnection.php:382
Stack trace:
#0 /var/www/hosts/gigadb.cogini.com.current/yii/framework/db/CDbConnection.php(331): CDbConnection->open()
#1 /var/www/hosts/gigadb.cogini.com.current/yii/framework/db/CDbConnection.php(309): CDbConnection->setActive(true)
#2 /var/www/hosts/gigadb.cogini.com.current/yii/framework/base/CModule.php(388): CDbConnection->init()
#3 /var/www/hosts/gigadb.cogini.com.current/yii/framework/web/CDbHttpSession.php(154): CModule->getComponent('db')
#4 /var/www/hosts/gigadb.cogini.com.current/yii/framework/web/CDbHttpSession.php(178): CDbHttpSession->getDbConnection()
#5 [internal function]: CDbHttpSession->openSession('/var/lib/php/se...', 'PHPSESSID')
#6 /var/www/hosts/gigadb.cogini.com.current/yii/framework/web/CHttpSession.php(115): session_start()
#7 /var/www/hosts/gigadb.cogini.com.current/yii/framework/web/CHttpSession.php(89): CHttpSession->open()
#8 /var/www/hosts/gigadb.cogini.com.current/yii/framework/base/CModule.php(388): CHttpSession->init()
#9 /var/www/hosts/gigadb.cogini.com.current/yii/framework/base/CModule.php(104): CModule->getComponent('session')
#10 /var/www/hosts/gigadb.cogini.com.current/htdocs/protected/components/Controller.php(50): CModule->__get('session')
#11 /var/www/hosts/gigadb.cogini.com.current/yii/framework/web/CWebApplication.php(275): Controller->init()
#12 /var/www/hosts/gigadb.cogini.com.current/yii/framework/web/CWebApplication.php(135): CWebApplication->runController('')
#13 /var/www/hosts/gigadb.cogini.com.current/yii/framework/base/CApplication.php(162): CWebApplication->processRequest()
#14 /var/www/hosts/gigadb.cogini.com.current/htdocs/index.php(13): CApplication->run()
#15 {main}
REQUEST_URI=/
---
2013/12/05 15:06:31 [error] [exception.CDbException] exception 'CDbException' with message 'CDbConnection failed to open the DB connection: SQLSTATE[08006] [7] FATAL:  password authentication failed for user "@db.user@"' in /var/www/hosts/gigadb.cogini.com.current/yii/framework/db/CDbConnection.php:382
Stack trace:
#0 /var/www/hosts/gigadb.cogini.com.current/yii/framework/db/CDbConnection.php(331): CDbConnection->open()
#1 /var/www/hosts/gigadb.cogini.com.current/yii/framework/db/CDbConnection.php(309): CDbConnection->setActive(true)
#2 /var/www/hosts/gigadb.cogini.com.current/yii/framework/base/CModule.php(388): CDbConnection->init()
#3 /var/www/hosts/gigadb.cogini.com.current/yii/framework/web/CDbHttpSession.php(154): CModule->getComponent('db')
#4 /var/www/hosts/gigadb.cogini.com.current/yii/framework/web/CDbHttpSession.php(178): CDbHttpSession->getDbConnection()
#5 [internal function]: CDbHttpSession->openSession('/var/lib/php/se...', 'PHPSESSID')
#6 /var/www/hosts/gigadb.cogini.com.current/yii/framework/web/CHttpSession.php(115): session_start()
#7 /var/www/hosts/gigadb.cogini.com.current/yii/framework/web/CHttpSession.php(89): CHttpSession->open()
#8 /var/www/hosts/gigadb.cogini.com.current/yii/framework/base/CModule.php(388): CHttpSession->init()
#9 /var/www/hosts/gigadb.cogini.com.current/yii/framework/base/CModule.php(104): CModule->getComponent('session')
#10 /var/www/hosts/gigadb.cogini.com.current/htdocs/protected/components/Controller.php(50): CModule->__get('session')
#11 /var/www/hosts/gigadb.cogini.com.current/yii/framework/web/CWebApplication.php(275): Controller->init()
#12 /var/www/hosts/gigadb.cogini.com.current/yii/framework/web/CWebApplication.php(135): CWebApplication->runController('')
#13 /var/www/hosts/gigadb.cogini.com.current/yii/framework/base/CApplication.php(162): CWebApplication->processRequest()
#14 /var/www/hosts/gigadb.cogini.com.current/htdocs/index.php(13): CApplication->run()
#15 {main}
REQUEST_URI=/
---
2013/12/05 15:09:38 [debug] [application] sample_name ="Mr B",lat_lon="36.005098,-78.939141" ,geo_loc_name="Durham, NC, US", ploidy="Diploid",estimated_size="1.23 Gb" ,environment(biome)="anthropogenic terrestrial biome, laboratory bred", environment(feature)="anthropogenic habitat, university campus", environment(material)="air", Characteristic[cell type]="blood", sex="male", BioSample_NCBI="1985454", BioSample_EBI="SAMEA1713774"    .... sample_name ="Mr B",lat_lon="36.005098,-78.939141" ,geo_loc_name="Durham, NC, US", ploidy="Diploid",estimated_size="1.23 Gb" ,environment(biome)="anthropogenic terrestrial biome, laboratory bred", environment(feature)="anthropogenic habitat, university campus", environment(material)="air", Characteristic[cell type]="blood", sex="male", BioSample_NCBI="1985454", BioSample_EBI="SAMEA1713774"
in /var/www/hosts/gigadb.cogini.com.current/htdocs/protected/views/dataset/view.php (208)
in /var/www/hosts/gigadb.cogini.com.current/htdocs/protected/controllers/DatasetController.php (140)
in /var/www/hosts/gigadb.cogini.com.current/htdocs/index.php (13)
2013/12/05 15:09:38 [debug] [application] life_stage="adult", sex="male", lat_lon="36.005098,-78.939141", geo_loc_name="Durham, NC, US", ploidy="Diploid", biome="anthropogenic terrestrial biome, laboratory bred", feature="anthropogenic habitat, university campus", material="air", lib_const_meth="single" , lib_screen="none", seq_meth="pyrosequencing", body_site="brain", SRA_sample="SRS006834", sample_name="GK0K2XF01", BioSample_NCBI="SAMN00004619", BioSample_EBI="SAMEA836052"    .... life_stage="adult", sex="male", lat_lon="36.005098,-78.939141", geo_loc_name="Durham, NC, US", ploidy="Diploid", biome="anthropogenic terrestrial biome, laboratory bred", feature="anthropogenic habitat, university campus", material="air", lib_const_meth="single" , lib_screen="none", seq_meth="pyrosequencing", body_site="brain", SRA_sample="SRS006834", sample_name="GK0K2XF01", BioSample_NCBI="SAMN00004619", BioSample_EBI="SAMEA836052"
in /var/www/hosts/gigadb.cogini.com.current/htdocs/protected/views/dataset/view.php (208)
in /var/www/hosts/gigadb.cogini.com.current/htdocs/protected/controllers/DatasetController.php (140)
in /var/www/hosts/gigadb.cogini.com.current/htdocs/index.php (13)
2013/12/05 15:09:50 [debug] [application] description="Embryo (separated from Spikelet) collected 12 days after pollination (DAP)", species="Oryza sativa L. ssp. Indica", subspecific genetic lineage="cultivar 9311 ", collection_date="autumn 2009", sample_storage="-80deg Celsius", geographic location (country and/or sea,region)="China, Changsha (National Hybrid Rice R&D Center)", geographic location (latitude and longitude)="28degrees73minutes N, 11degrees37minutes E", altitude="40 m ", life_stage="embryo(maturation stage)", amount or size of sample collected="0.5g"    .... description="Embryo (separated from Spikelet) collected 12 days after pollination (DAP)", species="Oryza sativa L. ssp. Indica", subspecific genetic lineage="cultivar 9311 ", collection_date="autumn 2009", sample_storage="-80deg Celsius", geographic location (country and/or sea,region)="China, Changsha (National Hybrid Rice R&D Center)", geographic location (latitude and longitude)="28degrees73minutes N, 11degrees37minutes E", altitude="40 m ", life_stage="embryo(maturation stage)", amount or size of sample collected="0.5g"
in /var/www/hosts/gigadb.cogini.com.current/htdocs/protected/views/dataset/view.php (208)
in /var/www/hosts/gigadb.cogini.com.current/htdocs/protected/controllers/DatasetController.php (140)
in /var/www/hosts/gigadb.cogini.com.current/htdocs/index.php (13)
2013/12/05 15:09:50 [debug] [application] description="Embryo (separated from Spikelet) collected 24 days after pollination (DAP)", species="Oryza sativa L. ssp. Indica", subspecific genetic lineage="cultivar 9311 ", collection_date="autumn 2009", sample_storage="-80deg Celsius", geographic location (country and/or sea,region)="China, Changsha (National Hybrid Rice R&D Center)", geographic location (latitude and longitude)="28degrees73minutes N, 11degrees37minutes E", altitude="40 m ", life_stage="embryo(dormant stage)", amount or size of sample collected="0.7g"    .... description="Embryo (separated from Spikelet) collected 24 days after pollination (DAP)", species="Oryza sativa L. ssp. Indica", subspecific genetic lineage="cultivar 9311 ", collection_date="autumn 2009", sample_storage="-80deg Celsius", geographic location (country and/or sea,region)="China, Changsha (National Hybrid Rice R&D Center)", geographic location (latitude and longitude)="28degrees73minutes N, 11degrees37minutes E", altitude="40 m ", life_stage="embryo(dormant stage)", amount or size of sample collected="0.7g"
in /var/www/hosts/gigadb.cogini.com.current/htdocs/protected/views/dataset/view.php (208)
in /var/www/hosts/gigadb.cogini.com.current/htdocs/protected/controllers/DatasetController.php (140)
in /var/www/hosts/gigadb.cogini.com.current/htdocs/index.php (13)
2013/12/05 15:09:50 [debug] [application] description="Embryo (separated from Spikelet) collected 30 days after pollination (DAP)", species="Oryza sativa L. ssp. Indica", subspecific genetic lineage="cultivar 9311 ", collection_date="autumn 2009", sample_storage="-80deg Celsius", geographic location (country and/or sea,region)="China, Changsha (National Hybrid Rice R&D Center)", geographic location (latitude and longitude)="28degrees73minutes N, 11degrees37minutes E", altitude="40 m ", life_stage="embryo(dormant stage)", amount or size of sample collected="0.8g"    .... description="Embryo (separated from Spikelet) collected 30 days after pollination (DAP)", species="Oryza sativa L. ssp. Indica", subspecific genetic lineage="cultivar 9311 ", collection_date="autumn 2009", sample_storage="-80deg Celsius", geographic location (country and/or sea,region)="China, Changsha (National Hybrid Rice R&D Center)", geographic location (latitude and longitude)="28degrees73minutes N, 11degrees37minutes E", altitude="40 m ", life_stage="embryo(dormant stage)", amount or size of sample collected="0.8g"
in /var/www/hosts/gigadb.cogini.com.current/htdocs/protected/views/dataset/view.php (208)
in /var/www/hosts/gigadb.cogini.com.current/htdocs/protected/controllers/DatasetController.php (140)
in /var/www/hosts/gigadb.cogini.com.current/htdocs/index.php (13)
2013/12/05 15:09:50 [debug] [application] description="Embryo (separated from Spikelet) collected 18 days after pollination (DAP)", species="Oryza sativa L. ssp. Indica", subspecific genetic lineage="cultivar 9311 ", collection_date="autumn 2009", sample_storage="-80deg Celsius", geographic location (country and/or sea,region)="China, Changsha (National Hybrid Rice R&D Center)", geographic location (latitude and longitude)="28degrees73minutes N, 11degrees37minutes E", altitude="40 m ", life_stage="embryo(maturation stage)", amount or size of sample collected="0.5g"    .... description="Embryo (separated from Spikelet) collected 18 days after pollination (DAP)", species="Oryza sativa L. ssp. Indica", subspecific genetic lineage="cultivar 9311 ", collection_date="autumn 2009", sample_storage="-80deg Celsius", geographic location (country and/or sea,region)="China, Changsha (National Hybrid Rice R&D Center)", geographic location (latitude and longitude)="28degrees73minutes N, 11degrees37minutes E", altitude="40 m ", life_stage="embryo(maturation stage)", amount or size of sample collected="0.5g"
in /var/www/hosts/gigadb.cogini.com.current/htdocs/protected/views/dataset/view.php (208)
in /var/www/hosts/gigadb.cogini.com.current/htdocs/protected/controllers/DatasetController.php (140)
in /var/www/hosts/gigadb.cogini.com.current/htdocs/index.php (13)
2013/12/05 15:09:50 [debug] [application] description="Embryo (separated from Spikelet) collected 6 days after pollination (DAP)", species="Oryza sativa L. ssp. Indica", subspecific genetic lineage="cultivar 9311 ", collection_date="autumn 2009", sample_storage="-80deg Celsius", geographic location (country and/or sea,region)="China, Changsha (National Hybrid Rice R&D Center)", geographic location (latitude and longitude)="28degrees73minutes N, 11degrees37minutes E", altitude="40 m ", life_stage="embryo(differential stage)", amount or size of sample collected="0.3g"    .... description="Embryo (separated from Spikelet) collected 6 days after pollination (DAP)", species="Oryza sativa L. ssp. Indica", subspecific genetic lineage="cultivar 9311 ", collection_date="autumn 2009", sample_storage="-80deg Celsius", geographic location (country and/or sea,region)="China, Changsha (National Hybrid Rice R&D Center)", geographic location (latitude and longitude)="28degrees73minutes N, 11degrees37minutes E", altitude="40 m ", life_stage="embryo(differential stage)", amount or size of sample collected="0.3g"
in /var/www/hosts/gigadb.cogini.com.current/htdocs/protected/views/dataset/view.php (208)
in /var/www/hosts/gigadb.cogini.com.current/htdocs/protected/controllers/DatasetController.php (140)
in /var/www/hosts/gigadb.cogini.com.current/htdocs/index.php (13)
2013/12/05 15:30:01 [debug] [application] GEO Accession="GSM961039",age="muscle larvae",description="source: muscle larvae"    .... GEO Accession="GSM961039",age="muscle larvae",description="source: muscle larvae"
in /var/www/hosts/gigadb.cogini.com.current/htdocs/protected/views/dataset/view.php (208)
in /var/www/hosts/gigadb.cogini.com.current/htdocs/protected/controllers/DatasetController.php (140)
in /var/www/hosts/gigadb.cogini.com.current/htdocs/index.php (13)
2013/12/05 15:30:01 [debug] [application] GEO Accession="GSM961040",age="new-born larvae",description="source: new-born larvae"    .... GEO Accession="GSM961040",age="new-born larvae",description="source: new-born larvae"
in /var/www/hosts/gigadb.cogini.com.current/htdocs/protected/views/dataset/view.php (208)
in /var/www/hosts/gigadb.cogini.com.current/htdocs/protected/controllers/DatasetController.php (140)
in /var/www/hosts/gigadb.cogini.com.current/htdocs/index.php (13)
2013/12/05 15:30:01 [debug] [application] GEO Accession="GSM961038",age="adults",description="source: adults"    .... GEO Accession="GSM961038",age="adults",description="source: adults"
in /var/www/hosts/gigadb.cogini.com.current/htdocs/protected/views/dataset/view.php (208)
in /var/www/hosts/gigadb.cogini.com.current/htdocs/protected/controllers/DatasetController.php (140)
in /var/www/hosts/gigadb.cogini.com.current/htdocs/index.php (13)
2013/12/05 15:38:20 [debug] [application] sample_name ="Mr B",lat_lon="36.005098,-78.939141" ,geo_loc_name="Durham, NC, US", ploidy="Diploid",estimated_size="1.23 Gb" ,environment(biome)="anthropogenic terrestrial biome, laboratory bred", environment(feature)="anthropogenic habitat, university campus", environment(material)="air", Characteristic[cell type]="blood", sex="male", BioSample_NCBI="1985454", BioSample_EBI="SAMEA1713774"    .... sample_name ="Mr B",lat_lon="36.005098,-78.939141" ,geo_loc_name="Durham, NC, US", ploidy="Diploid",estimated_size="1.23 Gb" ,environment(biome)="anthropogenic terrestrial biome, laboratory bred", environment(feature)="anthropogenic habitat, university campus", environment(material)="air", Characteristic[cell type]="blood", sex="male", BioSample_NCBI="1985454", BioSample_EBI="SAMEA1713774"
in /var/www/hosts/gigadb.cogini.com.current/htdocs/protected/views/dataset/view.php (212)
in /var/www/hosts/gigadb.cogini.com.current/htdocs/protected/controllers/DatasetController.php (140)
in /var/www/hosts/gigadb.cogini.com.current/htdocs/index.php (13)
2013/12/05 15:38:20 [debug] [application] life_stage="adult", sex="male", lat_lon="36.005098,-78.939141", geo_loc_name="Durham, NC, US", ploidy="Diploid", biome="anthropogenic terrestrial biome, laboratory bred", feature="anthropogenic habitat, university campus", material="air", lib_const_meth="single" , lib_screen="none", seq_meth="pyrosequencing", body_site="brain", SRA_sample="SRS006834", sample_name="GK0K2XF01", BioSample_NCBI="SAMN00004619", BioSample_EBI="SAMEA836052"    .... life_stage="adult", sex="male", lat_lon="36.005098,-78.939141", geo_loc_name="Durham, NC, US", ploidy="Diploid", biome="anthropogenic terrestrial biome, laboratory bred", feature="anthropogenic habitat, university campus", material="air", lib_const_meth="single" , lib_screen="none", seq_meth="pyrosequencing", body_site="brain", SRA_sample="SRS006834", sample_name="GK0K2XF01", BioSample_NCBI="SAMN00004619", BioSample_EBI="SAMEA836052"
in /var/www/hosts/gigadb.cogini.com.current/htdocs/protected/views/dataset/view.php (212)
in /var/www/hosts/gigadb.cogini.com.current/htdocs/protected/controllers/DatasetController.php (140)
in /var/www/hosts/gigadb.cogini.com.current/htdocs/index.php (13)
2013/12/05 15:50:15 [debug] [application] sample_name ="Mr B",lat_lon="36.005098,-78.939141" ,geo_loc_name="Durham, NC, US", ploidy="Diploid",estimated_size="1.23 Gb" ,environment(biome)="anthropogenic terrestrial biome, laboratory bred", environment(feature)="anthropogenic habitat, university campus", environment(material)="air", Characteristic[cell type]="blood", sex="male", BioSample_NCBI="1985454", BioSample_EBI="SAMEA1713774"    .... sample_name ="Mr B",lat_lon="36.005098,-78.939141" ,geo_loc_name="Durham, NC, US", ploidy="Diploid",estimated_size="1.23 Gb" ,environment(biome)="anthropogenic terrestrial biome, laboratory bred", environment(feature)="anthropogenic habitat, university campus", environment(material)="air", Characteristic[cell type]="blood", sex="male", BioSample_NCBI="1985454", BioSample_EBI="SAMEA1713774"
in /var/www/hosts/gigadb.cogini.com.current/htdocs/protected/views/dataset/view.php (212)
in /var/www/hosts/gigadb.cogini.com.current/htdocs/protected/controllers/DatasetController.php (140)
in /var/www/hosts/gigadb.cogini.com.current/htdocs/index.php (13)
2013/12/05 15:50:15 [debug] [application] life_stage="adult", sex="male", lat_lon="36.005098,-78.939141", geo_loc_name="Durham, NC, US", ploidy="Diploid", biome="anthropogenic terrestrial biome, laboratory bred", feature="anthropogenic habitat, university campus", material="air", lib_const_meth="single" , lib_screen="none", seq_meth="pyrosequencing", body_site="brain", SRA_sample="SRS006834", sample_name="GK0K2XF01", BioSample_NCBI="SAMN00004619", BioSample_EBI="SAMEA836052"    .... life_stage="adult", sex="male", lat_lon="36.005098,-78.939141", geo_loc_name="Durham, NC, US", ploidy="Diploid", biome="anthropogenic terrestrial biome, laboratory bred", feature="anthropogenic habitat, university campus", material="air", lib_const_meth="single" , lib_screen="none", seq_meth="pyrosequencing", body_site="brain", SRA_sample="SRS006834", sample_name="GK0K2XF01", BioSample_NCBI="SAMN00004619", BioSample_EBI="SAMEA836052"
in /var/www/hosts/gigadb.cogini.com.current/htdocs/protected/views/dataset/view.php (212)
in /var/www/hosts/gigadb.cogini.com.current/htdocs/protected/controllers/DatasetController.php (140)
in /var/www/hosts/gigadb.cogini.com.current/htdocs/index.php (13)
2013/12/06 14:28:10 [debug] [application] sample_name ="Mr B",lat_lon="36.005098,-78.939141" ,geo_loc_name="Durham, NC, US", ploidy="Diploid",estimated_size="1.23 Gb" ,environment(biome)="anthropogenic terrestrial biome, laboratory bred", environment(feature)="anthropogenic habitat, university campus", environment(material)="air", Characteristic[cell type]="blood", sex="male", BioSample_NCBI="1985454", BioSample_EBI="SAMEA1713774"    .... sample_name ="Mr B",lat_lon="36.005098,-78.939141" ,geo_loc_name="Durham, NC, US", ploidy="Diploid",estimated_size="1.23 Gb" ,environment(biome)="anthropogenic terrestrial biome, laboratory bred", environment(feature)="anthropogenic habitat, university campus", environment(material)="air", Characteristic[cell type]="blood", sex="male", BioSample_NCBI="1985454", BioSample_EBI="SAMEA1713774"
in /var/www/hosts/gigadb.cogini.com.current/htdocs/protected/views/dataset/view.php (212)
in /var/www/hosts/gigadb.cogini.com.current/htdocs/protected/controllers/DatasetController.php (140)
in /var/www/hosts/gigadb.cogini.com.current/htdocs/index.php (13)
2013/12/06 14:28:10 [debug] [application] life_stage="adult", sex="male", lat_lon="36.005098,-78.939141", geo_loc_name="Durham, NC, US", ploidy="Diploid", biome="anthropogenic terrestrial biome, laboratory bred", feature="anthropogenic habitat, university campus", material="air", lib_const_meth="single" , lib_screen="none", seq_meth="pyrosequencing", body_site="brain", SRA_sample="SRS006834", sample_name="GK0K2XF01", BioSample_NCBI="SAMN00004619", BioSample_EBI="SAMEA836052"    .... life_stage="adult", sex="male", lat_lon="36.005098,-78.939141", geo_loc_name="Durham, NC, US", ploidy="Diploid", biome="anthropogenic terrestrial biome, laboratory bred", feature="anthropogenic habitat, university campus", material="air", lib_const_meth="single" , lib_screen="none", seq_meth="pyrosequencing", body_site="brain", SRA_sample="SRS006834", sample_name="GK0K2XF01", BioSample_NCBI="SAMN00004619", BioSample_EBI="SAMEA836052"
in /var/www/hosts/gigadb.cogini.com.current/htdocs/protected/views/dataset/view.php (212)
in /var/www/hosts/gigadb.cogini.com.current/htdocs/protected/controllers/DatasetController.php (140)
in /var/www/hosts/gigadb.cogini.com.current/htdocs/index.php (13)
2013/12/06 15:51:01 [debug] [application] sample_name ="Mr B",lat_lon="36.005098,-78.939141" ,geo_loc_name="Durham, NC, US", ploidy="Diploid",estimated_size="1.23 Gb" ,environment(biome)="anthropogenic terrestrial biome, laboratory bred", environment(feature)="anthropogenic habitat, university campus", environment(material)="air", Characteristic[cell type]="blood", sex="male", BioSample_NCBI="1985454", BioSample_EBI="SAMEA1713774"    .... sample_name ="Mr B",lat_lon="36.005098,-78.939141" ,geo_loc_name="Durham, NC, US", ploidy="Diploid",estimated_size="1.23 Gb" ,environment(biome)="anthropogenic terrestrial biome, laboratory bred", environment(feature)="anthropogenic habitat, university campus", environment(material)="air", Characteristic[cell type]="blood", sex="male", BioSample_NCBI="1985454", BioSample_EBI="SAMEA1713774"
in /var/www/hosts/gigadb.cogini.com.current/htdocs/protected/views/dataset/view.php (212)
in /var/www/hosts/gigadb.cogini.com.current/htdocs/protected/controllers/DatasetController.php (140)
in /var/www/hosts/gigadb.cogini.com.current/htdocs/index.php (13)
2013/12/06 15:51:01 [debug] [application] life_stage="adult", sex="male", lat_lon="36.005098,-78.939141", geo_loc_name="Durham, NC, US", ploidy="Diploid", biome="anthropogenic terrestrial biome, laboratory bred", feature="anthropogenic habitat, university campus", material="air", lib_const_meth="single" , lib_screen="none", seq_meth="pyrosequencing", body_site="brain", SRA_sample="SRS006834", sample_name="GK0K2XF01", BioSample_NCBI="SAMN00004619", BioSample_EBI="SAMEA836052"    .... life_stage="adult", sex="male", lat_lon="36.005098,-78.939141", geo_loc_name="Durham, NC, US", ploidy="Diploid", biome="anthropogenic terrestrial biome, laboratory bred", feature="anthropogenic habitat, university campus", material="air", lib_const_meth="single" , lib_screen="none", seq_meth="pyrosequencing", body_site="brain", SRA_sample="SRS006834", sample_name="GK0K2XF01", BioSample_NCBI="SAMN00004619", BioSample_EBI="SAMEA836052"
in /var/www/hosts/gigadb.cogini.com.current/htdocs/protected/views/dataset/view.php (212)
in /var/www/hosts/gigadb.cogini.com.current/htdocs/protected/controllers/DatasetController.php (140)
in /var/www/hosts/gigadb.cogini.com.current/htdocs/index.php (13)
2013/12/06 15:51:08 [debug] [application] description="Embryo (separated from Spikelet) collected 12 days after pollination (DAP)", species="Oryza sativa L. ssp. Indica", subspecific genetic lineage="cultivar 9311 ", collection_date="autumn 2009", sample_storage="-80deg Celsius", geographic location (country and/or sea,region)="China, Changsha (National Hybrid Rice R&D Center)", geographic location (latitude and longitude)="28degrees73minutes N, 11degrees37minutes E", altitude="40 m ", life_stage="embryo(maturation stage)", amount or size of sample collected="0.5g"    .... description="Embryo (separated from Spikelet) collected 12 days after pollination (DAP)", species="Oryza sativa L. ssp. Indica", subspecific genetic lineage="cultivar 9311 ", collection_date="autumn 2009", sample_storage="-80deg Celsius", geographic location (country and/or sea,region)="China, Changsha (National Hybrid Rice R&D Center)", geographic location (latitude and longitude)="28degrees73minutes N, 11degrees37minutes E", altitude="40 m ", life_stage="embryo(maturation stage)", amount or size of sample collected="0.5g"
in /var/www/hosts/gigadb.cogini.com.current/htdocs/protected/views/dataset/view.php (212)
in /var/www/hosts/gigadb.cogini.com.current/htdocs/protected/controllers/DatasetController.php (140)
in /var/www/hosts/gigadb.cogini.com.current/htdocs/index.php (13)
2013/12/06 15:51:08 [debug] [application] description="Embryo (separated from Spikelet) collected 24 days after pollination (DAP)", species="Oryza sativa L. ssp. Indica", subspecific genetic lineage="cultivar 9311 ", collection_date="autumn 2009", sample_storage="-80deg Celsius", geographic location (country and/or sea,region)="China, Changsha (National Hybrid Rice R&D Center)", geographic location (latitude and longitude)="28degrees73minutes N, 11degrees37minutes E", altitude="40 m ", life_stage="embryo(dormant stage)", amount or size of sample collected="0.7g"    .... description="Embryo (separated from Spikelet) collected 24 days after pollination (DAP)", species="Oryza sativa L. ssp. Indica", subspecific genetic lineage="cultivar 9311 ", collection_date="autumn 2009", sample_storage="-80deg Celsius", geographic location (country and/or sea,region)="China, Changsha (National Hybrid Rice R&D Center)", geographic location (latitude and longitude)="28degrees73minutes N, 11degrees37minutes E", altitude="40 m ", life_stage="embryo(dormant stage)", amount or size of sample collected="0.7g"
in /var/www/hosts/gigadb.cogini.com.current/htdocs/protected/views/dataset/view.php (212)
in /var/www/hosts/gigadb.cogini.com.current/htdocs/protected/controllers/DatasetController.php (140)
in /var/www/hosts/gigadb.cogini.com.current/htdocs/index.php (13)
2013/12/06 15:51:08 [debug] [application] description="Embryo (separated from Spikelet) collected 30 days after pollination (DAP)", species="Oryza sativa L. ssp. Indica", subspecific genetic lineage="cultivar 9311 ", collection_date="autumn 2009", sample_storage="-80deg Celsius", geographic location (country and/or sea,region)="China, Changsha (National Hybrid Rice R&D Center)", geographic location (latitude and longitude)="28degrees73minutes N, 11degrees37minutes E", altitude="40 m ", life_stage="embryo(dormant stage)", amount or size of sample collected="0.8g"    .... description="Embryo (separated from Spikelet) collected 30 days after pollination (DAP)", species="Oryza sativa L. ssp. Indica", subspecific genetic lineage="cultivar 9311 ", collection_date="autumn 2009", sample_storage="-80deg Celsius", geographic location (country and/or sea,region)="China, Changsha (National Hybrid Rice R&D Center)", geographic location (latitude and longitude)="28degrees73minutes N, 11degrees37minutes E", altitude="40 m ", life_stage="embryo(dormant stage)", amount or size of sample collected="0.8g"
in /var/www/hosts/gigadb.cogini.com.current/htdocs/protected/views/dataset/view.php (212)
in /var/www/hosts/gigadb.cogini.com.current/htdocs/protected/controllers/DatasetController.php (140)
in /var/www/hosts/gigadb.cogini.com.current/htdocs/index.php (13)
2013/12/06 15:51:08 [debug] [application] description="Embryo (separated from Spikelet) collected 18 days after pollination (DAP)", species="Oryza sativa L. ssp. Indica", subspecific genetic lineage="cultivar 9311 ", collection_date="autumn 2009", sample_storage="-80deg Celsius", geographic location (country and/or sea,region)="China, Changsha (National Hybrid Rice R&D Center)", geographic location (latitude and longitude)="28degrees73minutes N, 11degrees37minutes E", altitude="40 m ", life_stage="embryo(maturation stage)", amount or size of sample collected="0.5g"    .... description="Embryo (separated from Spikelet) collected 18 days after pollination (DAP)", species="Oryza sativa L. ssp. Indica", subspecific genetic lineage="cultivar 9311 ", collection_date="autumn 2009", sample_storage="-80deg Celsius", geographic location (country and/or sea,region)="China, Changsha (National Hybrid Rice R&D Center)", geographic location (latitude and longitude)="28degrees73minutes N, 11degrees37minutes E", altitude="40 m ", life_stage="embryo(maturation stage)", amount or size of sample collected="0.5g"
in /var/www/hosts/gigadb.cogini.com.current/htdocs/protected/views/dataset/view.php (212)
in /var/www/hosts/gigadb.cogini.com.current/htdocs/protected/controllers/DatasetController.php (140)
in /var/www/hosts/gigadb.cogini.com.current/htdocs/index.php (13)
2013/12/06 15:51:08 [debug] [application] description="Embryo (separated from Spikelet) collected 6 days after pollination (DAP)", species="Oryza sativa L. ssp. Indica", subspecific genetic lineage="cultivar 9311 ", collection_date="autumn 2009", sample_storage="-80deg Celsius", geographic location (country and/or sea,region)="China, Changsha (National Hybrid Rice R&D Center)", geographic location (latitude and longitude)="28degrees73minutes N, 11degrees37minutes E", altitude="40 m ", life_stage="embryo(differential stage)", amount or size of sample collected="0.3g"    .... description="Embryo (separated from Spikelet) collected 6 days after pollination (DAP)", species="Oryza sativa L. ssp. Indica", subspecific genetic lineage="cultivar 9311 ", collection_date="autumn 2009", sample_storage="-80deg Celsius", geographic location (country and/or sea,region)="China, Changsha (National Hybrid Rice R&D Center)", geographic location (latitude and longitude)="28degrees73minutes N, 11degrees37minutes E", altitude="40 m ", life_stage="embryo(differential stage)", amount or size of sample collected="0.3g"
in /var/www/hosts/gigadb.cogini.com.current/htdocs/protected/views/dataset/view.php (212)
in /var/www/hosts/gigadb.cogini.com.current/htdocs/protected/controllers/DatasetController.php (140)
in /var/www/hosts/gigadb.cogini.com.current/htdocs/index.php (13)
2013/12/06 15:59:26 [debug] [application] description="Embryo (separated from Spikelet) collected 12 days after pollination (DAP)", species="Oryza sativa L. ssp. Indica", subspecific genetic lineage="cultivar 9311 ", collection_date="autumn 2009", sample_storage="-80deg Celsius", geographic location (country and/or sea,region)="China, Changsha (National Hybrid Rice R&D Center)", geographic location (latitude and longitude)="28degrees73minutes N, 11degrees37minutes E", altitude="40 m ", life_stage="embryo(maturation stage)", amount or size of sample collected="0.5g"    .... description="Embryo (separated from Spikelet) collected 12 days after pollination (DAP)", species="Oryza sativa L. ssp. Indica", subspecific genetic lineage="cultivar 9311 ", collection_date="autumn 2009", sample_storage="-80deg Celsius", geographic location (country and/or sea,region)="China, Changsha (National Hybrid Rice R&D Center)", geographic location (latitude and longitude)="28degrees73minutes N, 11degrees37minutes E", altitude="40 m ", life_stage="embryo(maturation stage)", amount or size of sample collected="0.5g"
in /var/www/hosts/gigadb.cogini.com.current/htdocs/protected/views/dataset/view.php (212)
in /var/www/hosts/gigadb.cogini.com.current/htdocs/protected/controllers/DatasetController.php (140)
in /var/www/hosts/gigadb.cogini.com.current/htdocs/index.php (13)
2013/12/06 15:59:26 [debug] [application] description="Embryo (separated from Spikelet) collected 24 days after pollination (DAP)", species="Oryza sativa L. ssp. Indica", subspecific genetic lineage="cultivar 9311 ", collection_date="autumn 2009", sample_storage="-80deg Celsius", geographic location (country and/or sea,region)="China, Changsha (National Hybrid Rice R&D Center)", geographic location (latitude and longitude)="28degrees73minutes N, 11degrees37minutes E", altitude="40 m ", life_stage="embryo(dormant stage)", amount or size of sample collected="0.7g"    .... description="Embryo (separated from Spikelet) collected 24 days after pollination (DAP)", species="Oryza sativa L. ssp. Indica", subspecific genetic lineage="cultivar 9311 ", collection_date="autumn 2009", sample_storage="-80deg Celsius", geographic location (country and/or sea,region)="China, Changsha (National Hybrid Rice R&D Center)", geographic location (latitude and longitude)="28degrees73minutes N, 11degrees37minutes E", altitude="40 m ", life_stage="embryo(dormant stage)", amount or size of sample collected="0.7g"
in /var/www/hosts/gigadb.cogini.com.current/htdocs/protected/views/dataset/view.php (212)
in /var/www/hosts/gigadb.cogini.com.current/htdocs/protected/controllers/DatasetController.php (140)
in /var/www/hosts/gigadb.cogini.com.current/htdocs/index.php (13)
2013/12/06 15:59:26 [debug] [application] description="Embryo (separated from Spikelet) collected 30 days after pollination (DAP)", species="Oryza sativa L. ssp. Indica", subspecific genetic lineage="cultivar 9311 ", collection_date="autumn 2009", sample_storage="-80deg Celsius", geographic location (country and/or sea,region)="China, Changsha (National Hybrid Rice R&D Center)", geographic location (latitude and longitude)="28degrees73minutes N, 11degrees37minutes E", altitude="40 m ", life_stage="embryo(dormant stage)", amount or size of sample collected="0.8g"    .... description="Embryo (separated from Spikelet) collected 30 days after pollination (DAP)", species="Oryza sativa L. ssp. Indica", subspecific genetic lineage="cultivar 9311 ", collection_date="autumn 2009", sample_storage="-80deg Celsius", geographic location (country and/or sea,region)="China, Changsha (National Hybrid Rice R&D Center)", geographic location (latitude and longitude)="28degrees73minutes N, 11degrees37minutes E", altitude="40 m ", life_stage="embryo(dormant stage)", amount or size of sample collected="0.8g"
in /var/www/hosts/gigadb.cogini.com.current/htdocs/protected/views/dataset/view.php (212)
in /var/www/hosts/gigadb.cogini.com.current/htdocs/protected/controllers/DatasetController.php (140)
in /var/www/hosts/gigadb.cogini.com.current/htdocs/index.php (13)
2013/12/06 15:59:26 [debug] [application] description="Embryo (separated from Spikelet) collected 18 days after pollination (DAP)", species="Oryza sativa L. ssp. Indica", subspecific genetic lineage="cultivar 9311 ", collection_date="autumn 2009", sample_storage="-80deg Celsius", geographic location (country and/or sea,region)="China, Changsha (National Hybrid Rice R&D Center)", geographic location (latitude and longitude)="28degrees73minutes N, 11degrees37minutes E", altitude="40 m ", life_stage="embryo(maturation stage)", amount or size of sample collected="0.5g"    .... description="Embryo (separated from Spikelet) collected 18 days after pollination (DAP)", species="Oryza sativa L. ssp. Indica", subspecific genetic lineage="cultivar 9311 ", collection_date="autumn 2009", sample_storage="-80deg Celsius", geographic location (country and/or sea,region)="China, Changsha (National Hybrid Rice R&D Center)", geographic location (latitude and longitude)="28degrees73minutes N, 11degrees37minutes E", altitude="40 m ", life_stage="embryo(maturation stage)", amount or size of sample collected="0.5g"
in /var/www/hosts/gigadb.cogini.com.current/htdocs/protected/views/dataset/view.php (212)
in /var/www/hosts/gigadb.cogini.com.current/htdocs/protected/controllers/DatasetController.php (140)
in /var/www/hosts/gigadb.cogini.com.current/htdocs/index.php (13)
2013/12/06 15:59:26 [debug] [application] description="Embryo (separated from Spikelet) collected 6 days after pollination (DAP)", species="Oryza sativa L. ssp. Indica", subspecific genetic lineage="cultivar 9311 ", collection_date="autumn 2009", sample_storage="-80deg Celsius", geographic location (country and/or sea,region)="China, Changsha (National Hybrid Rice R&D Center)", geographic location (latitude and longitude)="28degrees73minutes N, 11degrees37minutes E", altitude="40 m ", life_stage="embryo(differential stage)", amount or size of sample collected="0.3g"    .... description="Embryo (separated from Spikelet) collected 6 days after pollination (DAP)", species="Oryza sativa L. ssp. Indica", subspecific genetic lineage="cultivar 9311 ", collection_date="autumn 2009", sample_storage="-80deg Celsius", geographic location (country and/or sea,region)="China, Changsha (National Hybrid Rice R&D Center)", geographic location (latitude and longitude)="28degrees73minutes N, 11degrees37minutes E", altitude="40 m ", life_stage="embryo(differential stage)", amount or size of sample collected="0.3g"
in /var/www/hosts/gigadb.cogini.com.current/htdocs/protected/views/dataset/view.php (212)
in /var/www/hosts/gigadb.cogini.com.current/htdocs/protected/controllers/DatasetController.php (140)
in /var/www/hosts/gigadb.cogini.com.current/htdocs/index.php (13)
2013/12/06 15:59:33 [debug] [application] sex="female"    .... sex="female"
in /var/www/hosts/gigadb.cogini.com.current/htdocs/protected/views/dataset/view.php (212)
in /var/www/hosts/gigadb.cogini.com.current/htdocs/protected/controllers/DatasetController.php (140)
in /var/www/hosts/gigadb.cogini.com.current/htdocs/index.php (13)
2013/12/06 17:11:23 [debug] [application] description="Embryo (separated from Spikelet) collected 12 days after pollination (DAP)", species="Oryza sativa L. ssp. Indica", subspecific genetic lineage="cultivar 9311 ", collection_date="autumn 2009", sample_storage="-80deg Celsius", geographic location (country and/or sea,region)="China, Changsha (National Hybrid Rice R&D Center)", geographic location (latitude and longitude)="28degrees73minutes N, 11degrees37minutes E", altitude="40 m ", life_stage="embryo(maturation stage)", amount or size of sample collected="0.5g"    .... description="Embryo (separated from Spikelet) collected 12 days after pollination (DAP)", species="Oryza sativa L. ssp. Indica", subspecific genetic lineage="cultivar 9311 ", collection_date="autumn 2009", sample_storage="-80deg Celsius", geographic location (country and/or sea,region)="China, Changsha (National Hybrid Rice R&D Center)", geographic location (latitude and longitude)="28degrees73minutes N, 11degrees37minutes E", altitude="40 m ", life_stage="embryo(maturation stage)", amount or size of sample collected="0.5g"
in /var/www/hosts/gigadb.cogini.com.current/htdocs/protected/views/dataset/view.php (212)
in /var/www/hosts/gigadb.cogini.com.current/htdocs/protected/controllers/DatasetController.php (140)
in /var/www/hosts/gigadb.cogini.com.current/htdocs/index.php (13)
2013/12/06 17:11:23 [debug] [application] description="Embryo (separated from Spikelet) collected 24 days after pollination (DAP)", species="Oryza sativa L. ssp. Indica", subspecific genetic lineage="cultivar 9311 ", collection_date="autumn 2009", sample_storage="-80deg Celsius", geographic location (country and/or sea,region)="China, Changsha (National Hybrid Rice R&D Center)", geographic location (latitude and longitude)="28degrees73minutes N, 11degrees37minutes E", altitude="40 m ", life_stage="embryo(dormant stage)", amount or size of sample collected="0.7g"    .... description="Embryo (separated from Spikelet) collected 24 days after pollination (DAP)", species="Oryza sativa L. ssp. Indica", subspecific genetic lineage="cultivar 9311 ", collection_date="autumn 2009", sample_storage="-80deg Celsius", geographic location (country and/or sea,region)="China, Changsha (National Hybrid Rice R&D Center)", geographic location (latitude and longitude)="28degrees73minutes N, 11degrees37minutes E", altitude="40 m ", life_stage="embryo(dormant stage)", amount or size of sample collected="0.7g"
in /var/www/hosts/gigadb.cogini.com.current/htdocs/protected/views/dataset/view.php (212)
in /var/www/hosts/gigadb.cogini.com.current/htdocs/protected/controllers/DatasetController.php (140)
in /var/www/hosts/gigadb.cogini.com.current/htdocs/index.php (13)
2013/12/06 17:11:23 [debug] [application] description="Embryo (separated from Spikelet) collected 30 days after pollination (DAP)", species="Oryza sativa L. ssp. Indica", subspecific genetic lineage="cultivar 9311 ", collection_date="autumn 2009", sample_storage="-80deg Celsius", geographic location (country and/or sea,region)="China, Changsha (National Hybrid Rice R&D Center)", geographic location (latitude and longitude)="28degrees73minutes N, 11degrees37minutes E", altitude="40 m ", life_stage="embryo(dormant stage)", amount or size of sample collected="0.8g"    .... description="Embryo (separated from Spikelet) collected 30 days after pollination (DAP)", species="Oryza sativa L. ssp. Indica", subspecific genetic lineage="cultivar 9311 ", collection_date="autumn 2009", sample_storage="-80deg Celsius", geographic location (country and/or sea,region)="China, Changsha (National Hybrid Rice R&D Center)", geographic location (latitude and longitude)="28degrees73minutes N, 11degrees37minutes E", altitude="40 m ", life_stage="embryo(dormant stage)", amount or size of sample collected="0.8g"
in /var/www/hosts/gigadb.cogini.com.current/htdocs/protected/views/dataset/view.php (212)
in /var/www/hosts/gigadb.cogini.com.current/htdocs/protected/controllers/DatasetController.php (140)
in /var/www/hosts/gigadb.cogini.com.current/htdocs/index.php (13)
2013/12/06 17:11:23 [debug] [application] description="Embryo (separated from Spikelet) collected 18 days after pollination (DAP)", species="Oryza sativa L. ssp. Indica", subspecific genetic lineage="cultivar 9311 ", collection_date="autumn 2009", sample_storage="-80deg Celsius", geographic location (country and/or sea,region)="China, Changsha (National Hybrid Rice R&D Center)", geographic location (latitude and longitude)="28degrees73minutes N, 11degrees37minutes E", altitude="40 m ", life_stage="embryo(maturation stage)", amount or size of sample collected="0.5g"    .... description="Embryo (separated from Spikelet) collected 18 days after pollination (DAP)", species="Oryza sativa L. ssp. Indica", subspecific genetic lineage="cultivar 9311 ", collection_date="autumn 2009", sample_storage="-80deg Celsius", geographic location (country and/or sea,region)="China, Changsha (National Hybrid Rice R&D Center)", geographic location (latitude and longitude)="28degrees73minutes N, 11degrees37minutes E", altitude="40 m ", life_stage="embryo(maturation stage)", amount or size of sample collected="0.5g"
in /var/www/hosts/gigadb.cogini.com.current/htdocs/protected/views/dataset/view.php (212)
in /var/www/hosts/gigadb.cogini.com.current/htdocs/protected/controllers/DatasetController.php (140)
in /var/www/hosts/gigadb.cogini.com.current/htdocs/index.php (13)
2013/12/06 17:11:23 [debug] [application] description="Embryo (separated from Spikelet) collected 6 days after pollination (DAP)", species="Oryza sativa L. ssp. Indica", subspecific genetic lineage="cultivar 9311 ", collection_date="autumn 2009", sample_storage="-80deg Celsius", geographic location (country and/or sea,region)="China, Changsha (National Hybrid Rice R&D Center)", geographic location (latitude and longitude)="28degrees73minutes N, 11degrees37minutes E", altitude="40 m ", life_stage="embryo(differential stage)", amount or size of sample collected="0.3g"    .... description="Embryo (separated from Spikelet) collected 6 days after pollination (DAP)", species="Oryza sativa L. ssp. Indica", subspecific genetic lineage="cultivar 9311 ", collection_date="autumn 2009", sample_storage="-80deg Celsius", geographic location (country and/or sea,region)="China, Changsha (National Hybrid Rice R&D Center)", geographic location (latitude and longitude)="28degrees73minutes N, 11degrees37minutes E", altitude="40 m ", life_stage="embryo(differential stage)", amount or size of sample collected="0.3g"
in /var/www/hosts/gigadb.cogini.com.current/htdocs/protected/views/dataset/view.php (212)
in /var/www/hosts/gigadb.cogini.com.current/htdocs/protected/controllers/DatasetController.php (140)
in /var/www/hosts/gigadb.cogini.com.current/htdocs/index.php (13)
2013/12/06 17:20:27 [debug] [application] description="Embryo (separated from Spikelet) collected 12 days after pollination (DAP)", species="Oryza sativa L. ssp. Indica", subspecific genetic lineage="cultivar 9311 ", collection_date="autumn 2009", sample_storage="-80deg Celsius", geographic location (country and/or sea,region)="China, Changsha (National Hybrid Rice R&D Center)", geographic location (latitude and longitude)="28degrees73minutes N, 11degrees37minutes E", altitude="40 m ", life_stage="embryo(maturation stage)", amount or size of sample collected="0.5g"    .... description="Embryo (separated from Spikelet) collected 12 days after pollination (DAP)", species="Oryza sativa L. ssp. Indica", subspecific genetic lineage="cultivar 9311 ", collection_date="autumn 2009", sample_storage="-80deg Celsius", geographic location (country and/or sea,region)="China, Changsha (National Hybrid Rice R&D Center)", geographic location (latitude and longitude)="28degrees73minutes N, 11degrees37minutes E", altitude="40 m ", life_stage="embryo(maturation stage)", amount or size of sample collected="0.5g"
in /var/www/hosts/gigadb.cogini.com.current/htdocs/protected/views/dataset/view.php (212)
in /var/www/hosts/gigadb.cogini.com.current/htdocs/protected/controllers/DatasetController.php (140)
in /var/www/hosts/gigadb.cogini.com.current/htdocs/index.php (13)
2013/12/06 17:20:27 [debug] [application] description="Embryo (separated from Spikelet) collected 24 days after pollination (DAP)", species="Oryza sativa L. ssp. Indica", subspecific genetic lineage="cultivar 9311 ", collection_date="autumn 2009", sample_storage="-80deg Celsius", geographic location (country and/or sea,region)="China, Changsha (National Hybrid Rice R&D Center)", geographic location (latitude and longitude)="28degrees73minutes N, 11degrees37minutes E", altitude="40 m ", life_stage="embryo(dormant stage)", amount or size of sample collected="0.7g"    .... description="Embryo (separated from Spikelet) collected 24 days after pollination (DAP)", species="Oryza sativa L. ssp. Indica", subspecific genetic lineage="cultivar 9311 ", collection_date="autumn 2009", sample_storage="-80deg Celsius", geographic location (country and/or sea,region)="China, Changsha (National Hybrid Rice R&D Center)", geographic location (latitude and longitude)="28degrees73minutes N, 11degrees37minutes E", altitude="40 m ", life_stage="embryo(dormant stage)", amount or size of sample collected="0.7g"
in /var/www/hosts/gigadb.cogini.com.current/htdocs/protected/views/dataset/view.php (212)
in /var/www/hosts/gigadb.cogini.com.current/htdocs/protected/controllers/DatasetController.php (140)
in /var/www/hosts/gigadb.cogini.com.current/htdocs/index.php (13)
2013/12/06 17:20:27 [debug] [application] description="Embryo (separated from Spikelet) collected 30 days after pollination (DAP)", species="Oryza sativa L. ssp. Indica", subspecific genetic lineage="cultivar 9311 ", collection_date="autumn 2009", sample_storage="-80deg Celsius", geographic location (country and/or sea,region)="China, Changsha (National Hybrid Rice R&D Center)", geographic location (latitude and longitude)="28degrees73minutes N, 11degrees37minutes E", altitude="40 m ", life_stage="embryo(dormant stage)", amount or size of sample collected="0.8g"    .... description="Embryo (separated from Spikelet) collected 30 days after pollination (DAP)", species="Oryza sativa L. ssp. Indica", subspecific genetic lineage="cultivar 9311 ", collection_date="autumn 2009", sample_storage="-80deg Celsius", geographic location (country and/or sea,region)="China, Changsha (National Hybrid Rice R&D Center)", geographic location (latitude and longitude)="28degrees73minutes N, 11degrees37minutes E", altitude="40 m ", life_stage="embryo(dormant stage)", amount or size of sample collected="0.8g"
in /var/www/hosts/gigadb.cogini.com.current/htdocs/protected/views/dataset/view.php (212)
in /var/www/hosts/gigadb.cogini.com.current/htdocs/protected/controllers/DatasetController.php (140)
in /var/www/hosts/gigadb.cogini.com.current/htdocs/index.php (13)
2013/12/06 17:20:27 [debug] [application] description="Embryo (separated from Spikelet) collected 18 days after pollination (DAP)", species="Oryza sativa L. ssp. Indica", subspecific genetic lineage="cultivar 9311 ", collection_date="autumn 2009", sample_storage="-80deg Celsius", geographic location (country and/or sea,region)="China, Changsha (National Hybrid Rice R&D Center)", geographic location (latitude and longitude)="28degrees73minutes N, 11degrees37minutes E", altitude="40 m ", life_stage="embryo(maturation stage)", amount or size of sample collected="0.5g"    .... description="Embryo (separated from Spikelet) collected 18 days after pollination (DAP)", species="Oryza sativa L. ssp. Indica", subspecific genetic lineage="cultivar 9311 ", collection_date="autumn 2009", sample_storage="-80deg Celsius", geographic location (country and/or sea,region)="China, Changsha (National Hybrid Rice R&D Center)", geographic location (latitude and longitude)="28degrees73minutes N, 11degrees37minutes E", altitude="40 m ", life_stage="embryo(maturation stage)", amount or size of sample collected="0.5g"
in /var/www/hosts/gigadb.cogini.com.current/htdocs/protected/views/dataset/view.php (212)
in /var/www/hosts/gigadb.cogini.com.current/htdocs/protected/controllers/DatasetController.php (140)
in /var/www/hosts/gigadb.cogini.com.current/htdocs/index.php (13)
2013/12/06 17:20:27 [debug] [application] description="Embryo (separated from Spikelet) collected 6 days after pollination (DAP)", species="Oryza sativa L. ssp. Indica", subspecific genetic lineage="cultivar 9311 ", collection_date="autumn 2009", sample_storage="-80deg Celsius", geographic location (country and/or sea,region)="China, Changsha (National Hybrid Rice R&D Center)", geographic location (latitude and longitude)="28degrees73minutes N, 11degrees37minutes E", altitude="40 m ", life_stage="embryo(differential stage)", amount or size of sample collected="0.3g"    .... description="Embryo (separated from Spikelet) collected 6 days after pollination (DAP)", species="Oryza sativa L. ssp. Indica", subspecific genetic lineage="cultivar 9311 ", collection_date="autumn 2009", sample_storage="-80deg Celsius", geographic location (country and/or sea,region)="China, Changsha (National Hybrid Rice R&D Center)", geographic location (latitude and longitude)="28degrees73minutes N, 11degrees37minutes E", altitude="40 m ", life_stage="embryo(differential stage)", amount or size of sample collected="0.3g"
in /var/www/hosts/gigadb.cogini.com.current/htdocs/protected/views/dataset/view.php (212)
in /var/www/hosts/gigadb.cogini.com.current/htdocs/protected/controllers/DatasetController.php (140)
in /var/www/hosts/gigadb.cogini.com.current/htdocs/index.php (13)
2013/12/06 17:36:07 [debug] [application] description="Embryo (separated from Spikelet) collected 12 days after pollination (DAP)", species="Oryza sativa L. ssp. Indica", subspecific genetic lineage="cultivar 9311 ", collection_date="autumn 2009", sample_storage="-80deg Celsius", geographic location (country and/or sea,region)="China, Changsha (National Hybrid Rice R&D Center)", geographic location (latitude and longitude)="28degrees73minutes N, 11degrees37minutes E", altitude="40 m ", life_stage="embryo(maturation stage)", amount or size of sample collected="0.5g"    .... description="Embryo (separated from Spikelet) collected 12 days after pollination (DAP)", species="Oryza sativa L. ssp. Indica", subspecific genetic lineage="cultivar 9311 ", collection_date="autumn 2009", sample_storage="-80deg Celsius", geographic location (country and/or sea,region)="China, Changsha (National Hybrid Rice R&D Center)", geographic location (latitude and longitude)="28degrees73minutes N, 11degrees37minutes E", altitude="40 m ", life_stage="embryo(maturation stage)", amount or size of sample collected="0.5g"
in /var/www/hosts/gigadb.cogini.com.current/htdocs/protected/views/dataset/view.php (212)
in /var/www/hosts/gigadb.cogini.com.current/htdocs/protected/controllers/DatasetController.php (140)
in /var/www/hosts/gigadb.cogini.com.current/htdocs/index.php (13)
2013/12/06 17:36:07 [debug] [application] description="Embryo (separated from Spikelet) collected 24 days after pollination (DAP)", species="Oryza sativa L. ssp. Indica", subspecific genetic lineage="cultivar 9311 ", collection_date="autumn 2009", sample_storage="-80deg Celsius", geographic location (country and/or sea,region)="China, Changsha (National Hybrid Rice R&D Center)", geographic location (latitude and longitude)="28degrees73minutes N, 11degrees37minutes E", altitude="40 m ", life_stage="embryo(dormant stage)", amount or size of sample collected="0.7g"    .... description="Embryo (separated from Spikelet) collected 24 days after pollination (DAP)", species="Oryza sativa L. ssp. Indica", subspecific genetic lineage="cultivar 9311 ", collection_date="autumn 2009", sample_storage="-80deg Celsius", geographic location (country and/or sea,region)="China, Changsha (National Hybrid Rice R&D Center)", geographic location (latitude and longitude)="28degrees73minutes N, 11degrees37minutes E", altitude="40 m ", life_stage="embryo(dormant stage)", amount or size of sample collected="0.7g"
in /var/www/hosts/gigadb.cogini.com.current/htdocs/protected/views/dataset/view.php (212)
in /var/www/hosts/gigadb.cogini.com.current/htdocs/protected/controllers/DatasetController.php (140)
in /var/www/hosts/gigadb.cogini.com.current/htdocs/index.php (13)
2013/12/06 17:36:07 [debug] [application] description="Embryo (separated from Spikelet) collected 30 days after pollination (DAP)", species="Oryza sativa L. ssp. Indica", subspecific genetic lineage="cultivar 9311 ", collection_date="autumn 2009", sample_storage="-80deg Celsius", geographic location (country and/or sea,region)="China, Changsha (National Hybrid Rice R&D Center)", geographic location (latitude and longitude)="28degrees73minutes N, 11degrees37minutes E", altitude="40 m ", life_stage="embryo(dormant stage)", amount or size of sample collected="0.8g"    .... description="Embryo (separated from Spikelet) collected 30 days after pollination (DAP)", species="Oryza sativa L. ssp. Indica", subspecific genetic lineage="cultivar 9311 ", collection_date="autumn 2009", sample_storage="-80deg Celsius", geographic location (country and/or sea,region)="China, Changsha (National Hybrid Rice R&D Center)", geographic location (latitude and longitude)="28degrees73minutes N, 11degrees37minutes E", altitude="40 m ", life_stage="embryo(dormant stage)", amount or size of sample collected="0.8g"
in /var/www/hosts/gigadb.cogini.com.current/htdocs/protected/views/dataset/view.php (212)
in /var/www/hosts/gigadb.cogini.com.current/htdocs/protected/controllers/DatasetController.php (140)
in /var/www/hosts/gigadb.cogini.com.current/htdocs/index.php (13)
2013/12/06 17:36:07 [debug] [application] description="Embryo (separated from Spikelet) collected 18 days after pollination (DAP)", species="Oryza sativa L. ssp. Indica", subspecific genetic lineage="cultivar 9311 ", collection_date="autumn 2009", sample_storage="-80deg Celsius", geographic location (country and/or sea,region)="China, Changsha (National Hybrid Rice R&D Center)", geographic location (latitude and longitude)="28degrees73minutes N, 11degrees37minutes E", altitude="40 m ", life_stage="embryo(maturation stage)", amount or size of sample collected="0.5g"    .... description="Embryo (separated from Spikelet) collected 18 days after pollination (DAP)", species="Oryza sativa L. ssp. Indica", subspecific genetic lineage="cultivar 9311 ", collection_date="autumn 2009", sample_storage="-80deg Celsius", geographic location (country and/or sea,region)="China, Changsha (National Hybrid Rice R&D Center)", geographic location (latitude and longitude)="28degrees73minutes N, 11degrees37minutes E", altitude="40 m ", life_stage="embryo(maturation stage)", amount or size of sample collected="0.5g"
in /var/www/hosts/gigadb.cogini.com.current/htdocs/protected/views/dataset/view.php (212)
in /var/www/hosts/gigadb.cogini.com.current/htdocs/protected/controllers/DatasetController.php (140)
in /var/www/hosts/gigadb.cogini.com.current/htdocs/index.php (13)
2013/12/06 17:36:07 [debug] [application] description="Embryo (separated from Spikelet) collected 6 days after pollination (DAP)", species="Oryza sativa L. ssp. Indica", subspecific genetic lineage="cultivar 9311 ", collection_date="autumn 2009", sample_storage="-80deg Celsius", geographic location (country and/or sea,region)="China, Changsha (National Hybrid Rice R&D Center)", geographic location (latitude and longitude)="28degrees73minutes N, 11degrees37minutes E", altitude="40 m ", life_stage="embryo(differential stage)", amount or size of sample collected="0.3g"    .... description="Embryo (separated from Spikelet) collected 6 days after pollination (DAP)", species="Oryza sativa L. ssp. Indica", subspecific genetic lineage="cultivar 9311 ", collection_date="autumn 2009", sample_storage="-80deg Celsius", geographic location (country and/or sea,region)="China, Changsha (National Hybrid Rice R&D Center)", geographic location (latitude and longitude)="28degrees73minutes N, 11degrees37minutes E", altitude="40 m ", life_stage="embryo(differential stage)", amount or size of sample collected="0.3g"
in /var/www/hosts/gigadb.cogini.com.current/htdocs/protected/views/dataset/view.php (212)
in /var/www/hosts/gigadb.cogini.com.current/htdocs/protected/controllers/DatasetController.php (140)
in /var/www/hosts/gigadb.cogini.com.current/htdocs/index.php (13)
2013/12/06 17:36:12 [debug] [application]     .... 
in /var/www/hosts/gigadb.cogini.com.current/htdocs/protected/views/dataset/view.php (212)
in /var/www/hosts/gigadb.cogini.com.current/htdocs/protected/controllers/DatasetController.php (140)
in /var/www/hosts/gigadb.cogini.com.current/htdocs/index.php (13)
2013/12/09 08:44:27 [debug] [application]     .... 
in /var/www/hosts/gigadb.cogini.com.current/htdocs/protected/views/dataset/view.php (212)
in /var/www/hosts/gigadb.cogini.com.current/htdocs/protected/controllers/DatasetController.php (140)
in /var/www/hosts/gigadb.cogini.com.current/htdocs/index.php (13)
